<?xml version="1.0" encoding="UTF-8"?>
<!-- Generated by org.testng.reporters.JUnitReportReporter -->
<testsuite hostname="LTIN208099" failures="0" tests="3" name="com.featuredNews.testRunner.testNGRun" time="378.466" errors="0" timestamp="2024-02-13T16:55:14 IST" skipped="0">
  <testcase classname="com.featuredNews.testRunner.testNGRun" name="runScenario" time="3.607"/>
  <testcase classname="com.featuredNews.testRunner.testNGRun" name="runScenario" time="86.999"/>
  <testcase classname="com.featuredNews.testRunner.testNGRun" name="runScenario" time="287.860"/>
</testsuite> <!-- com.featuredNews.testRunner.testNGRun -->
