<?xml version="1.0" encoding="UTF-8"?>
<!-- Generated by org.testng.reporters.JUnitReportReporter -->
<testsuite hostname="LTIN194046" failures="0" tests="3" name="com.featuredNews.testRunner.testRun" time="164.317" errors="0" timestamp="2024-02-14T11:42:10 IST" skipped="0">
  <testcase classname="com.featuredNews.testRunner.testRun" name="runScenario" time="120.983"/>
  <testcase classname="com.featuredNews.testRunner.testRun" name="runScenario" time="10.508"/>
  <testcase classname="com.featuredNews.testRunner.testRun" name="runScenario" time="32.826"/>
</testsuite> <!-- com.featuredNews.testRunner.testRun -->
